target: init
target: getsource
target: target-properties
target: target-nosrc-default
target: prompttarget
target: v2detect
target: checkproperties
target: gethostname
target: getentityid
target: geturisubjectname
target: askscope
target: init
target: getsource
target: target-properties
target: target-nosrc-default
target: prompttarget
target: v2detect
target: checkproperties
target: gethostname
target: getentityid
target: geturisubjectname
target: askscope
target: writescope
target: getkeystorepassword
target: getsealerpassword
target: getsealeralias
target: copy-distribution
target: signing-key
target: encryption-key
target: backchannel-key
target: sealer
target: editproperties
target: makeeditwebapp
target: populateeditwebapp
target: upgrade
target: metadata-gen
target: tidy
target: init
target: getsource
target: target-properties
target: target-nosrc-default
target: prompttarget
target: v2detect
target: checkproperties
target: copy-distribution
target: makeeditwebapp
target: upgrade
target: tidy
target: init
target: getsource
target: target-properties
target: target-nosrc-default
target: prompttarget
target: v2detect
target: checkproperties
target: gethostname
target: getentityid
target: geturisubjectname
target: askscope
target: writescope
target: getkeystorepassword
target: getsealerpassword
target: getsealeralias
target: copy-distribution
target: signing-key
target: encryption-key
target: backchannel-key
target: sealer
target: editproperties
target: makeeditwebapp
target: populateeditwebapp
target: upgrade
target: metadata-gen
target: tidy
target: init
target: getsource
target: target-properties
target: target-nosrc-default
target: prompttarget
target: v2detect
target: checkproperties
target: gethostname
target: getentityid
target: geturisubjectname
target: askscope
target: writescope
target: getkeystorepassword
target: getsealerpassword
target: getsealeralias
target: copy-distribution
target: signing-key
target: encryption-key
target: backchannel-key
target: sealer
target: editproperties
target: makeeditwebapp
target: populateeditwebapp
target: upgrade
target: metadata-gen
target: tidy
target: init
target: getsource
target: target-properties
target: target-nosrc-default
target: prompttarget
target: v2detect
target: checkproperties
target: gethostname
target: getentityid
target: geturisubjectname
target: askscope
target: writescope
target: getkeystorepassword
target: getsealerpassword
target: getsealeralias
target: copy-distribution
target: signing-key
target: encryption-key
target: backchannel-key
target: sealer
target: editproperties
target: makeeditwebapp
target: populateeditwebapp
target: upgrade
target: metadata-gen
target: tidy
