This file contains any messages produced by compilers while
running configure, to aid debugging if configure makes a mistake.

It was created by ldap-account-manager configure 5.3, which was
generated by GNU Autoconf 2.69.  Invocation command line was

  $ ./configure 

## --------- ##
## Platform. ##
## --------- ##

hostname = idp.inflibnet.ac.in
uname -m = x86_64
uname -r = 3.10.0-327.22.2.el7.x86_64
uname -s = Linux
uname -v = #1 SMP Thu Jun 23 17:05:11 UTC 2016

/usr/bin/uname -p = x86_64
/bin/uname -X     = unknown

/bin/arch              = x86_64
/usr/bin/arch -k       = unknown
/usr/convex/getsysinfo = unknown
/usr/bin/hostinfo      = unknown
/bin/machine           = unknown
/usr/bin/oslevel       = unknown
/bin/universe          = unknown

PATH: /usr/local/sbin
PATH: /usr/local/bin
PATH: /usr/sbin
PATH: /usr/bin
PATH: /root/bin


## ----------- ##
## Core tests. ##
## ----------- ##

configure:1715: checking whether make sets $(MAKE)
configure:1737: result: yes
configure:1748: checking whether ln -s works
configure:1752: result: yes
configure:1802: checking for a BSD-compatible install
configure:1870: result: /usr/bin/install -c
configure:1883: checking for chmod
configure:1901: found /usr/bin/chmod
configure:1913: result: /usr/bin/chmod
configure:1923: checking for chown
configure:1941: found /usr/bin/chown
configure:1953: result: /usr/bin/chown
configure:1963: checking for grep
configure:1981: found /usr/bin/grep
configure:1993: result: /usr/bin/grep
configure:2003: checking for id
configure:2021: found /usr/bin/id
configure:2033: result: /usr/bin/id
configure:2043: checking for mkdir
configure:2061: found /usr/bin/mkdir
configure:2073: result: /usr/bin/mkdir
configure:2083: checking for rm
configure:2101: found /usr/bin/rm
configure:2113: result: /usr/bin/rm
configure:2123: checking for tar
configure:2141: found /usr/bin/tar
configure:2153: result: /usr/bin/tar
configure:2165: checking for copy
configure:2198: result: no
configure:2205: checking for cp
configure:2223: found /usr/bin/cp
configure:2235: result: /usr/bin/cp
configure:2326: checking for perl5
configure:2359: result: no
configure:2326: checking for perl
configure:2344: found /usr/bin/perl
configure:2356: result: /usr/bin/perl
configure:2533: creating ./config.status

## ---------------------- ##
## Running config.status. ##
## ---------------------- ##

This file was extended by ldap-account-manager config.status 5.3, which was
generated by GNU Autoconf 2.69.  Invocation command line was

  CONFIG_FILES    = 
  CONFIG_HEADERS  = 
  CONFIG_LINKS    = 
  CONFIG_COMMANDS = 
  $ ./config.status 

on idp.inflibnet.ac.in

config.status:733: creating Makefile

## ---------------- ##
## Cache variables. ##
## ---------------- ##

ac_cv_env_build_alias_set=
ac_cv_env_build_alias_value=
ac_cv_env_host_alias_set=
ac_cv_env_host_alias_value=
ac_cv_env_target_alias_set=
ac_cv_env_target_alias_value=
ac_cv_path_CHMOD=/usr/bin/chmod
ac_cv_path_CHOWN=/usr/bin/chown
ac_cv_path_CP=/usr/bin/cp
ac_cv_path_GREP=/usr/bin/grep
ac_cv_path_ID=/usr/bin/id
ac_cv_path_MKDIR=/usr/bin/mkdir
ac_cv_path_RM=/usr/bin/rm
ac_cv_path_TAR=/usr/bin/tar
ac_cv_path_install='/usr/bin/install -c'
ac_cv_path_perl_path=/usr/bin/perl
ac_cv_prog_make_make_set=yes

## ----------------- ##
## Output variables. ##
## ----------------- ##

CHMOD='/usr/bin/chmod'
CHOWN='/usr/bin/chown'
COPY=''
COPY_PROG='/usr/bin/cp --preserve=timestamps'
CP='/usr/bin/cp'
DEFS='-DPACKAGE_NAME=\"ldap-account-manager\" -DPACKAGE_TARNAME=\"ldap-account-manager\" -DPACKAGE_VERSION=\"5.3\" -DPACKAGE_STRING=\"ldap-account-manager\ 5.3\" -DPACKAGE_BUGREPORT=\"lam-public@lists.sourceforge.net\" -DPACKAGE_URL=\"\"'
ECHO_C=''
ECHO_N='-n'
ECHO_T=''
GREP='/usr/bin/grep'
HTTPD_GROUP='httpd'
HTTPD_USER='httpd'
ID='/usr/bin/id'
INSTALL_DATA='${INSTALL} -m 644'
INSTALL_PROGRAM='${INSTALL}'
INSTALL_SCRIPT='${INSTALL}'
LIBOBJS=''
LIBS=''
LN_S='ln -s'
LTLIBOBJS=''
MKDIR='/usr/bin/mkdir'
PACKAGE_BUGREPORT='lam-public@lists.sourceforge.net'
PACKAGE_NAME='ldap-account-manager'
PACKAGE_STRING='ldap-account-manager 5.3'
PACKAGE_TARNAME='ldap-account-manager'
PACKAGE_URL=''
PACKAGE_VERSION='5.3'
PATH_SEPARATOR=':'
PERL_PATH='/usr/bin/perl'
RM='/usr/bin/rm'
SET_MAKE=''
SHELL='/bin/sh'
TAR='/usr/bin/tar'
WEB_ROOT='/usr/local/lam'
bindir='${exec_prefix}/bin'
build_alias=''
datadir='${datarootdir}'
datarootdir='${prefix}/share'
docdir='${datarootdir}/doc/${PACKAGE_TARNAME}'
dvidir='${docdir}'
exec_prefix='${prefix}'
host_alias=''
htmldir='${docdir}'
includedir='${prefix}/include'
infodir='${datarootdir}/info'
libdir='${exec_prefix}/lib'
libexecdir='${exec_prefix}/libexec'
localedir='${datarootdir}/locale'
localstatedir='${prefix}/var'
mandir='${datarootdir}/man'
oldincludedir='/usr/include'
pdfdir='${docdir}'
perl_path='/usr/bin/perl'
prefix='/usr/local/lam'
program_transform_name='s,x,x,'
psdir='${docdir}'
sbindir='${exec_prefix}/sbin'
sharedstatedir='${prefix}/com'
sysconfdir='${prefix}/etc'
target_alias=''

## ----------- ##
## confdefs.h. ##
## ----------- ##

/* confdefs.h */
#define PACKAGE_NAME "ldap-account-manager"
#define PACKAGE_TARNAME "ldap-account-manager"
#define PACKAGE_VERSION "5.3"
#define PACKAGE_STRING "ldap-account-manager 5.3"
#define PACKAGE_BUGREPORT "lam-public@lists.sourceforge.net"
#define PACKAGE_URL ""

configure: exit 0
